[ [36m2022-12-10 09:22:55:2255[39m ]  [31mName : items is not defined | Descriptiion : Internal Server Error | Status Code : 500 | IsOperational : true[39m
[ [36m2022-12-10 09:22:55:2255[39m ]  [35mPOST /start 500 86 - 566.858 ms[39m
[35m[39m
[ [36m2022-12-10 09:23:30:2330[39m ]  [35mPOST /start 200 365 - 454.256 ms[39m
[35m[39m
[ [36m2022-12-10 09:25:32:2532[39m ]  [35mPOST /complete 200 495 - 72.234 ms[39m
[35m[39m
[ [36m2022-12-10 09:26:25:2625[39m ]  [35mGET /one?razorpay_order_id=order_Kq48wRrFpEZ2vg 200 497 - 27.446 ms[39m
[35m[39m
[ [36m2022-12-10 09:27:27:2727[39m ]  [35mGET /?razorpay_order_id=order_Kq48wRrFpEZ2vg 200 497 - 28.745 ms[39m
[35m[39m
[ [36m2022-12-10 09:28:25:2825[39m ]  [35mGET /one?razorpay_order_id=order_Kq48wRrFpEZ2vg 200 495 - 39.661 ms[39m
[35m[39m
[ [36m2022-12-10 10:03:53:353[39m ]  [35mPOST /start 200 365 - 790.309 ms[39m
[35m[39m
[ [36m2022-12-10 10:04:20:420[39m ]  [35mPOST /complete 200 495 - 101.361 ms[39m
[35m[39m
[ [36m2022-12-10 10:05:07:57[39m ]  [35mPOST /complete 200 495 - 73.507 ms[39m
[35m[39m
[ [36m2022-12-10 10:05:31:531[39m ]  [35mPOST /complete 200 495 - 110.518 ms[39m
[35m[39m
[ [36m2022-12-10 10:06:49:649[39m ]  [35mPOST /complete 200 495 - 104.448 ms[39m
[35m[39m
[ [36m2022-12-10 10:49:10:4910[39m ]  [35mPOST /complete 200 495 - 111.576 ms[39m
[35m[39m
[ [36m2022-12-10 10:58:19:5819[39m ]  [35mPOST /complete 200 495 - 142.599 ms[39m
[35m[39m
[ [36m2022-12-10 11:05:08:58[39m ]  [35mPOST /complete 200 495 - 129.178 ms[39m
[35m[39m
[ [36m2022-12-10 11:06:27:627[39m ]  [35mPOST /start 200 365 - 466.067 ms[39m
[35m[39m
[ [36m2022-12-10 11:06:36:636[39m ]  [35mPOST /complete 200 495 - 80.733 ms[39m
[35m[39m
[ [36m2022-12-10 11:39:12:3912[39m ]  [35mPOST /start 200 365 - 599.303 ms[39m
[35m[39m
[ [36m2022-12-10 11:39:28:3928[39m ]  [35mPOST /complete 200 495 - 91.414 ms[39m
[35m[39m
